| Image resolution: HD
| Rayon threads: 8
| Expected steps: 360
| Pixels per step: 2560
frontend preparation took 1.675s
Creating a RecursiveSNARK...
  [timer] commit_W(len=131072) took 33.29375ms
step 1/360: recursive=0.000s, elapsed=0.000s, eta=0.0s
  [timer] commit_W(len=131072) took 32.207083ms
step 2/360: recursive=0.070s, elapsed=0.070s, eta=12.5s
  [timer] commit_W(len=131072) took 32.325959ms
step 3/360: recursive=0.069s, elapsed=0.139s, eta=16.6s
  [timer] commit_W(len=131072) took 32.400375ms
step 4/360: recursive=0.070s, elapsed=0.210s, eta=18.7s
  [timer] commit_W(len=131072) took 35.44725ms
step 5/360: recursive=0.076s, elapsed=0.285s, eta=20.3s
  [timer] commit_W(len=131072) took 32.194833ms
step 6/360: recursive=0.078s, elapsed=0.363s, eta=21.4s
  [timer] commit_W(len=131072) took 33.64075ms
step 7/360: recursive=0.072s, elapsed=0.435s, eta=21.9s
  [timer] commit_W(len=131072) took 33.904333ms
step 8/360: recursive=0.073s, elapsed=0.508s, eta=22.4s
  [timer] commit_W(len=131072) took 32.572083ms
step 9/360: recursive=0.069s, elapsed=0.578s, eta=22.5s
  [timer] commit_W(len=131072) took 32.853041ms
step 10/360: recursive=0.071s, elapsed=0.649s, eta=22.7s
  [timer] commit_W(len=131072) took 33.262ms
step 11/360: recursive=0.070s, elapsed=0.718s, eta=22.8s
  [timer] commit_W(len=131072) took 32.414125ms
step 12/360: recursive=0.070s, elapsed=0.788s, eta=22.8s
  [timer] commit_W(len=131072) took 31.208708ms
step 13/360: recursive=0.068s, elapsed=0.856s, eta=22.8s
  [timer] commit_W(len=131072) took 37.580917ms
step 14/360: recursive=0.090s, elapsed=0.946s, eta=23.4s
  [timer] commit_W(len=131072) took 33.052875ms
step 15/360: recursive=0.070s, elapsed=1.016s, eta=23.4s
  [timer] commit_W(len=131072) took 33.151125ms
step 16/360: recursive=0.070s, elapsed=1.086s, eta=23.3s
  [timer] commit_W(len=131072) took 33.193333ms
step 17/360: recursive=0.071s, elapsed=1.157s, eta=23.3s
  [timer] commit_W(len=131072) took 32.926667ms
step 18/360: recursive=0.077s, elapsed=1.234s, eta=23.4s
  [timer] commit_W(len=131072) took 32.786583ms
step 19/360: recursive=0.070s, elapsed=1.304s, eta=23.4s
  [timer] commit_W(len=131072) took 32.106625ms
step 20/360: recursive=0.070s, elapsed=1.374s, eta=23.4s
  [timer] commit_W(len=131072) took 32.637042ms
step 21/360: recursive=0.070s, elapsed=1.444s, eta=23.3s
  [timer] commit_W(len=131072) took 34.067791ms
step 22/360: recursive=0.071s, elapsed=1.515s, eta=23.3s
  [timer] commit_W(len=131072) took 30.845291ms
step 23/360: recursive=0.070s, elapsed=1.585s, eta=23.2s
  [timer] commit_W(len=131072) took 34.155208ms
step 24/360: recursive=0.072s, elapsed=1.657s, eta=23.2s
  [timer] commit_W(len=131072) took 34.62825ms
step 25/360: recursive=0.073s, elapsed=1.730s, eta=23.2s
  [timer] commit_W(len=131072) took 31.990417ms
step 26/360: recursive=0.069s, elapsed=1.799s, eta=23.1s
  [timer] commit_W(len=131072) took 32.420584ms
step 27/360: recursive=0.074s, elapsed=1.873s, eta=23.1s
  [timer] commit_W(len=131072) took 34.563959ms
step 28/360: recursive=0.072s, elapsed=1.946s, eta=23.1s
  [timer] commit_W(len=131072) took 35.304959ms
step 29/360: recursive=0.078s, elapsed=2.024s, eta=23.1s
  [timer] commit_W(len=131072) took 33.154042ms
step 30/360: recursive=0.071s, elapsed=2.095s, eta=23.0s
  [timer] commit_W(len=131072) took 33.547667ms
step 31/360: recursive=0.072s, elapsed=2.167s, eta=23.0s
  [timer] commit_W(len=131072) took 33.188292ms
step 32/360: recursive=0.070s, elapsed=2.237s, eta=22.9s
  [timer] commit_W(len=131072) took 32.982833ms
step 33/360: recursive=0.071s, elapsed=2.308s, eta=22.9s
  [timer] commit_W(len=131072) took 33.694083ms
step 34/360: recursive=0.071s, elapsed=2.379s, eta=22.8s
  [timer] commit_W(len=131072) took 34.147459ms
step 35/360: recursive=0.072s, elapsed=2.451s, eta=22.8s
  [timer] commit_W(len=131072) took 32.4155ms
step 36/360: recursive=0.070s, elapsed=2.521s, eta=22.7s
  [timer] commit_W(len=131072) took 32.322584ms
step 37/360: recursive=0.069s, elapsed=2.590s, eta=22.6s
  [timer] commit_W(len=131072) took 35.187709ms
step 38/360: recursive=0.073s, elapsed=2.663s, eta=22.6s
  [timer] commit_W(len=131072) took 32.46725ms
step 39/360: recursive=0.071s, elapsed=2.735s, eta=22.5s
  [timer] commit_W(len=131072) took 33.07375ms
step 40/360: recursive=0.070s, elapsed=2.805s, eta=22.4s
  [timer] commit_W(len=131072) took 32.531959ms
step 41/360: recursive=0.071s, elapsed=2.875s, eta=22.4s
  [timer] commit_W(len=131072) took 33.117125ms
step 42/360: recursive=0.070s, elapsed=2.946s, eta=22.3s
  [timer] commit_W(len=131072) took 36.423542ms
step 43/360: recursive=0.074s, elapsed=3.020s, eta=22.3s
  [timer] commit_W(len=131072) took 33.396375ms
step 44/360: recursive=0.074s, elapsed=3.094s, eta=22.2s
  [timer] commit_W(len=131072) took 33.396875ms
step 45/360: recursive=0.072s, elapsed=3.166s, eta=22.2s
  [timer] commit_W(len=131072) took 32.464125ms
step 46/360: recursive=0.070s, elapsed=3.236s, eta=22.1s
  [timer] commit_W(len=131072) took 34.137416ms
step 47/360: recursive=0.072s, elapsed=3.308s, eta=22.0s
  [timer] commit_W(len=131072) took 32.815ms
step 48/360: recursive=0.070s, elapsed=3.378s, eta=22.0s
  [timer] commit_W(len=131072) took 33.379458ms
step 49/360: recursive=0.071s, elapsed=3.449s, eta=21.9s
  [timer] commit_W(len=131072) took 33.004125ms
step 50/360: recursive=0.071s, elapsed=3.520s, eta=21.8s
  [timer] commit_W(len=131072) took 33.506292ms
step 51/360: recursive=0.071s, elapsed=3.591s, eta=21.8s
  [timer] commit_W(len=131072) took 35.449083ms
step 52/360: recursive=0.074s, elapsed=3.665s, eta=21.7s
  [timer] commit_W(len=131072) took 35.59375ms
step 53/360: recursive=0.074s, elapsed=3.739s, eta=21.7s
  [timer] commit_W(len=131072) took 33.840958ms
step 54/360: recursive=0.072s, elapsed=3.810s, eta=21.6s
  [timer] commit_W(len=131072) took 32.506542ms
step 55/360: recursive=0.070s, elapsed=3.880s, eta=21.5s
  [timer] commit_W(len=131072) took 33.029166ms
step 56/360: recursive=0.108s, elapsed=3.988s, eta=21.6s
  [timer] commit_W(len=131072) took 34.206833ms
step 57/360: recursive=0.077s, elapsed=4.065s, eta=21.6s
  [timer] commit_W(len=131072) took 33.44325ms
step 58/360: recursive=0.073s, elapsed=4.137s, eta=21.5s
  [timer] commit_W(len=131072) took 32.718959ms
step 59/360: recursive=0.070s, elapsed=4.207s, eta=21.5s
  [timer] commit_W(len=131072) took 33.383416ms
step 60/360: recursive=0.071s, elapsed=4.278s, eta=21.4s
  [timer] commit_W(len=131072) took 32.8625ms
step 61/360: recursive=0.073s, elapsed=4.352s, eta=21.3s
  [timer] commit_W(len=131072) took 36.799291ms
step 62/360: recursive=0.074s, elapsed=4.426s, eta=21.3s
  [timer] commit_W(len=131072) took 33.270292ms
step 63/360: recursive=0.070s, elapsed=4.496s, eta=21.2s
  [timer] commit_W(len=131072) took 34.242417ms
step 64/360: recursive=0.073s, elapsed=4.569s, eta=21.1s
  [timer] commit_W(len=131072) took 32.182459ms
step 65/360: recursive=0.070s, elapsed=4.639s, eta=21.1s
  [timer] commit_W(len=131072) took 33.832542ms
step 66/360: recursive=0.073s, elapsed=4.712s, eta=21.0s
  [timer] commit_W(len=131072) took 31.949541ms
step 67/360: recursive=0.069s, elapsed=4.782s, eta=20.9s
  [timer] commit_W(len=131072) took 33.329875ms
step 68/360: recursive=0.072s, elapsed=4.853s, eta=20.8s
  [timer] commit_W(len=131072) took 31.997ms
step 69/360: recursive=0.070s, elapsed=4.924s, eta=20.8s
  [timer] commit_W(len=131072) took 32.978666ms
step 70/360: recursive=0.070s, elapsed=4.994s, eta=20.7s
  [timer] commit_W(len=131072) took 45.37475ms
step 71/360: recursive=0.086s, elapsed=5.080s, eta=20.7s
  [timer] commit_W(len=131072) took 34.699ms
step 72/360: recursive=0.074s, elapsed=5.154s, eta=20.6s
  [timer] commit_W(len=131072) took 31.315ms
step 73/360: recursive=0.071s, elapsed=5.225s, eta=20.5s
  [timer] commit_W(len=131072) took 34.1045ms
step 74/360: recursive=0.072s, elapsed=5.297s, eta=20.5s
  [timer] commit_W(len=131072) took 32.370125ms
step 75/360: recursive=0.070s, elapsed=5.367s, eta=20.4s
  [timer] commit_W(len=131072) took 33.173959ms
step 76/360: recursive=0.071s, elapsed=5.438s, eta=20.3s
  [timer] commit_W(len=131072) took 34.146125ms
step 77/360: recursive=0.071s, elapsed=5.509s, eta=20.2s
  [timer] commit_W(len=131072) took 33.117208ms
step 78/360: recursive=0.071s, elapsed=5.580s, eta=20.2s
  [timer] commit_W(len=131072) took 41.836875ms
step 79/360: recursive=0.079s, elapsed=5.659s, eta=20.1s
  [timer] commit_W(len=131072) took 47.090958ms
step 80/360: recursive=0.086s, elapsed=5.744s, eta=20.1s
  [timer] commit_W(len=131072) took 33.281625ms
step 81/360: recursive=0.073s, elapsed=5.818s, eta=20.0s
  [timer] commit_W(len=131072) took 33.864375ms
step 82/360: recursive=0.073s, elapsed=5.891s, eta=20.0s
  [timer] commit_W(len=131072) took 32.007958ms
step 83/360: recursive=0.070s, elapsed=5.960s, eta=19.9s
  [timer] commit_W(len=131072) took 32.953208ms
step 84/360: recursive=0.070s, elapsed=6.030s, eta=19.8s
  [timer] commit_W(len=131072) took 31.865542ms
step 85/360: recursive=0.071s, elapsed=6.101s, eta=19.7s
  [timer] commit_W(len=131072) took 33.0665ms
step 86/360: recursive=0.070s, elapsed=6.171s, eta=19.7s
  [timer] commit_W(len=131072) took 32.933541ms
step 87/360: recursive=0.070s, elapsed=6.241s, eta=19.6s
  [timer] commit_W(len=131072) took 33.542459ms
step 88/360: recursive=0.071s, elapsed=6.312s, eta=19.5s
  [timer] commit_W(len=131072) took 32.839292ms
step 89/360: recursive=0.071s, elapsed=6.383s, eta=19.4s
  [timer] commit_W(len=131072) took 33.11525ms
step 90/360: recursive=0.070s, elapsed=6.453s, eta=19.4s
  [timer] commit_W(len=131072) took 33.028375ms
step 91/360: recursive=0.071s, elapsed=6.524s, eta=19.3s
  [timer] commit_W(len=131072) took 32.26075ms
step 92/360: recursive=0.070s, elapsed=6.594s, eta=19.2s
  [timer] commit_W(len=131072) took 32.642958ms
step 93/360: recursive=0.071s, elapsed=6.665s, eta=19.1s
  [timer] commit_W(len=131072) took 35.22475ms
step 94/360: recursive=0.073s, elapsed=6.738s, eta=19.1s
  [timer] commit_W(len=131072) took 32.814958ms
step 95/360: recursive=0.071s, elapsed=6.809s, eta=19.0s
  [timer] commit_W(len=131072) took 32.420292ms
step 96/360: recursive=0.069s, elapsed=6.878s, eta=18.9s
  [timer] commit_W(len=131072) took 33.875875ms
step 97/360: recursive=0.071s, elapsed=6.949s, eta=18.8s
  [timer] commit_W(len=131072) took 33.481542ms
step 98/360: recursive=0.071s, elapsed=7.021s, eta=18.8s
  [timer] commit_W(len=131072) took 32.913125ms
step 99/360: recursive=0.070s, elapsed=7.091s, eta=18.7s
  [timer] commit_W(len=131072) took 32.575042ms
step 100/360: recursive=0.072s, elapsed=7.163s, eta=18.6s
  [timer] commit_W(len=131072) took 34.223292ms
step 101/360: recursive=0.073s, elapsed=7.236s, eta=18.6s
  [timer] commit_W(len=131072) took 37.578208ms
step 102/360: recursive=0.076s, elapsed=7.312s, eta=18.5s
  [timer] commit_W(len=131072) took 32.891292ms
step 103/360: recursive=0.071s, elapsed=7.382s, eta=18.4s
  [timer] commit_W(len=131072) took 40.358375ms
step 104/360: recursive=0.081s, elapsed=7.463s, eta=18.4s
  [timer] commit_W(len=131072) took 31.578083ms
step 105/360: recursive=0.078s, elapsed=7.541s, eta=18.3s
  [timer] commit_W(len=131072) took 33.217417ms
step 106/360: recursive=0.074s, elapsed=7.615s, eta=18.2s
  [timer] commit_W(len=131072) took 34.484958ms
step 107/360: recursive=0.071s, elapsed=7.686s, eta=18.2s
  [timer] commit_W(len=131072) took 33.203208ms
step 108/360: recursive=0.071s, elapsed=7.757s, eta=18.1s
  [timer] commit_W(len=131072) took 33.580791ms
step 109/360: recursive=0.070s, elapsed=7.827s, eta=18.0s
  [timer] commit_W(len=131072) took 32.76575ms
step 110/360: recursive=0.072s, elapsed=7.899s, eta=18.0s
  [timer] commit_W(len=131072) took 33.71875ms
step 111/360: recursive=0.071s, elapsed=7.970s, eta=17.9s
  [timer] commit_W(len=131072) took 32.525084ms
step 112/360: recursive=0.071s, elapsed=8.041s, eta=17.8s
  [timer] commit_W(len=131072) took 33.763292ms
step 113/360: recursive=0.071s, elapsed=8.112s, eta=17.7s
  [timer] commit_W(len=131072) took 32.822417ms
step 114/360: recursive=0.071s, elapsed=8.184s, eta=17.7s
  [timer] commit_W(len=131072) took 34.144875ms
step 115/360: recursive=0.072s, elapsed=8.256s, eta=17.6s
  [timer] commit_W(len=131072) took 32.786917ms
step 116/360: recursive=0.072s, elapsed=8.327s, eta=17.5s
  [timer] commit_W(len=131072) took 33.636625ms
step 117/360: recursive=0.070s, elapsed=8.397s, eta=17.4s
  [timer] commit_W(len=131072) took 33.277917ms
step 118/360: recursive=0.072s, elapsed=8.469s, eta=17.4s
  [timer] commit_W(len=131072) took 31.3855ms
step 119/360: recursive=0.070s, elapsed=8.539s, eta=17.3s
  [timer] commit_W(len=131072) took 32.795792ms
step 120/360: recursive=0.071s, elapsed=8.610s, eta=17.2s
  [timer] commit_W(len=131072) took 34.915833ms
step 121/360: recursive=0.073s, elapsed=8.683s, eta=17.1s
  [timer] commit_W(len=131072) took 32.606666ms
step 122/360: recursive=0.073s, elapsed=8.755s, eta=17.1s
  [timer] commit_W(len=131072) took 33.60175ms
step 123/360: recursive=0.072s, elapsed=8.828s, eta=17.0s
  [timer] commit_W(len=131072) took 32.204542ms
step 124/360: recursive=0.070s, elapsed=8.898s, eta=16.9s
  [timer] commit_W(len=131072) took 33.00125ms
step 125/360: recursive=0.071s, elapsed=8.969s, eta=16.9s
  [timer] commit_W(len=131072) took 33.875166ms
step 126/360: recursive=0.071s, elapsed=9.040s, eta=16.8s
  [timer] commit_W(len=131072) took 34.33525ms
step 127/360: recursive=0.072s, elapsed=9.112s, eta=16.7s
  [timer] commit_W(len=131072) took 32.651458ms
step 128/360: recursive=0.070s, elapsed=9.181s, eta=16.6s
  [timer] commit_W(len=131072) took 34.249ms
step 129/360: recursive=0.071s, elapsed=9.252s, eta=16.6s
  [timer] commit_W(len=131072) took 33.703167ms
step 130/360: recursive=0.072s, elapsed=9.325s, eta=16.5s
  [timer] commit_W(len=131072) took 34.754584ms
step 131/360: recursive=0.072s, elapsed=9.397s, eta=16.4s
  [timer] commit_W(len=131072) took 34.49675ms
step 132/360: recursive=0.074s, elapsed=9.471s, eta=16.4s
  [timer] commit_W(len=131072) took 36.342334ms
step 133/360: recursive=0.076s, elapsed=9.547s, eta=16.3s
  [timer] commit_W(len=131072) took 35.226292ms
step 134/360: recursive=0.074s, elapsed=9.621s, eta=16.2s
  [timer] commit_W(len=131072) took 33.76925ms
step 135/360: recursive=0.071s, elapsed=9.691s, eta=16.2s
  [timer] commit_W(len=131072) took 33.750667ms
step 136/360: recursive=0.072s, elapsed=9.764s, eta=16.1s
  [timer] commit_W(len=131072) took 32.203833ms
step 137/360: recursive=0.070s, elapsed=9.833s, eta=16.0s
  [timer] commit_W(len=131072) took 33.299375ms
step 138/360: recursive=0.071s, elapsed=9.904s, eta=15.9s
  [timer] commit_W(len=131072) took 34.103709ms
step 139/360: recursive=0.074s, elapsed=9.978s, eta=15.9s
  [timer] commit_W(len=131072) took 33.0585ms
step 140/360: recursive=0.071s, elapsed=10.049s, eta=15.8s
  [timer] commit_W(len=131072) took 34.676833ms
step 141/360: recursive=0.072s, elapsed=10.121s, eta=15.7s
  [timer] commit_W(len=131072) took 33.826084ms
step 142/360: recursive=0.071s, elapsed=10.192s, eta=15.6s
  [timer] commit_W(len=131072) took 33.202625ms
step 143/360: recursive=0.071s, elapsed=10.263s, eta=15.6s
  [timer] commit_W(len=131072) took 31.481916ms
step 144/360: recursive=0.070s, elapsed=10.332s, eta=15.5s
  [timer] commit_W(len=131072) took 40.14175ms
step 145/360: recursive=0.081s, elapsed=10.414s, eta=15.4s
  [timer] commit_W(len=131072) took 35.141959ms
step 146/360: recursive=0.074s, elapsed=10.487s, eta=15.4s
  [timer] commit_W(len=131072) took 39.386416ms
step 147/360: recursive=0.081s, elapsed=10.569s, eta=15.3s
  [timer] commit_W(len=131072) took 33.593416ms
step 148/360: recursive=0.074s, elapsed=10.643s, eta=15.2s
  [timer] commit_W(len=131072) took 31.563125ms
step 149/360: recursive=0.068s, elapsed=10.711s, eta=15.2s
  [timer] commit_W(len=131072) took 33.782125ms
step 150/360: recursive=0.072s, elapsed=10.783s, eta=15.1s
  [timer] commit_W(len=131072) took 34.724333ms
step 151/360: recursive=0.075s, elapsed=10.858s, eta=15.0s
  [timer] commit_W(len=131072) took 34.694625ms
step 152/360: recursive=0.073s, elapsed=10.931s, eta=15.0s
  [timer] commit_W(len=131072) took 32.879583ms
step 153/360: recursive=0.073s, elapsed=11.005s, eta=14.9s
  [timer] commit_W(len=131072) took 40.113458ms
step 154/360: recursive=0.080s, elapsed=11.084s, eta=14.8s
  [timer] commit_W(len=131072) took 34.532625ms
step 155/360: recursive=0.075s, elapsed=11.159s, eta=14.8s
  [timer] commit_W(len=131072) took 32.604542ms
step 156/360: recursive=0.082s, elapsed=11.241s, eta=14.7s
  [timer] commit_W(len=131072) took 33.282875ms
step 157/360: recursive=0.071s, elapsed=11.312s, eta=14.6s
  [timer] commit_W(len=131072) took 34.58575ms
step 158/360: recursive=0.072s, elapsed=11.384s, eta=14.6s
  [timer] commit_W(len=131072) took 33.567084ms
step 159/360: recursive=0.071s, elapsed=11.456s, eta=14.5s
  [timer] commit_W(len=131072) took 32.626083ms
step 160/360: recursive=0.071s, elapsed=11.527s, eta=14.4s
  [timer] commit_W(len=131072) took 33.170375ms
step 161/360: recursive=0.076s, elapsed=11.603s, eta=14.3s
  [timer] commit_W(len=131072) took 32.303292ms
step 162/360: recursive=0.074s, elapsed=11.677s, eta=14.3s
  [timer] commit_W(len=131072) took 33.86925ms
step 163/360: recursive=0.072s, elapsed=11.749s, eta=14.2s
  [timer] commit_W(len=131072) took 33.746833ms
step 164/360: recursive=0.071s, elapsed=11.820s, eta=14.1s
  [timer] commit_W(len=131072) took 32.901667ms
step 165/360: recursive=0.072s, elapsed=11.892s, eta=14.1s
  [timer] commit_W(len=131072) took 33.01875ms
step 166/360: recursive=0.071s, elapsed=11.963s, eta=14.0s
  [timer] commit_W(len=131072) took 33.237583ms
step 167/360: recursive=0.070s, elapsed=12.033s, eta=13.9s
  [timer] commit_W(len=131072) took 33.167167ms
step 168/360: recursive=0.075s, elapsed=12.108s, eta=13.8s
  [timer] commit_W(len=131072) took 32.636833ms
step 169/360: recursive=0.071s, elapsed=12.179s, eta=13.8s
  [timer] commit_W(len=131072) took 33.14125ms
step 170/360: recursive=0.071s, elapsed=12.250s, eta=13.7s
  [timer] commit_W(len=131072) took 35.592083ms
step 171/360: recursive=0.074s, elapsed=12.325s, eta=13.6s
  [timer] commit_W(len=131072) took 34.117083ms
step 172/360: recursive=0.071s, elapsed=12.396s, eta=13.5s
  [timer] commit_W(len=131072) took 32.975208ms
step 173/360: recursive=0.070s, elapsed=12.466s, eta=13.5s
  [timer] commit_W(len=131072) took 33.673959ms
step 174/360: recursive=0.070s, elapsed=12.536s, eta=13.4s
  [timer] commit_W(len=131072) took 32.756667ms
step 175/360: recursive=0.069s, elapsed=12.605s, eta=13.3s
  [timer] commit_W(len=131072) took 30.954125ms
step 176/360: recursive=0.068s, elapsed=12.673s, eta=13.2s
  [timer] commit_W(len=131072) took 33.231291ms
step 177/360: recursive=0.070s, elapsed=12.744s, eta=13.2s
  [timer] commit_W(len=131072) took 33.601959ms
step 178/360: recursive=0.072s, elapsed=12.815s, eta=13.1s
  [timer] commit_W(len=131072) took 32.666375ms
step 179/360: recursive=0.070s, elapsed=12.886s, eta=13.0s
  [timer] commit_W(len=131072) took 34.124916ms
step 180/360: recursive=0.072s, elapsed=12.958s, eta=13.0s
  [timer] commit_W(len=131072) took 33.986125ms
step 181/360: recursive=0.072s, elapsed=13.029s, eta=12.9s
  [timer] commit_W(len=131072) took 33.564708ms
step 182/360: recursive=0.072s, elapsed=13.102s, eta=12.8s
  [timer] commit_W(len=131072) took 32.855458ms
step 183/360: recursive=0.071s, elapsed=13.173s, eta=12.7s
  [timer] commit_W(len=131072) took 34.27475ms
step 184/360: recursive=0.073s, elapsed=13.246s, eta=12.7s
  [timer] commit_W(len=131072) took 32.693458ms
step 185/360: recursive=0.073s, elapsed=13.319s, eta=12.6s
  [timer] commit_W(len=131072) took 31.898875ms
step 186/360: recursive=0.071s, elapsed=13.390s, eta=12.5s
  [timer] commit_W(len=131072) took 32.514833ms
step 187/360: recursive=0.106s, elapsed=13.496s, eta=12.5s
  [timer] commit_W(len=131072) took 32.250209ms
step 188/360: recursive=0.069s, elapsed=13.566s, eta=12.4s
  [timer] commit_W(len=131072) took 33.230167ms
step 189/360: recursive=0.072s, elapsed=13.637s, eta=12.3s
  [timer] commit_W(len=131072) took 42.333625ms
step 190/360: recursive=0.082s, elapsed=13.719s, eta=12.3s
  [timer] commit_W(len=131072) took 32.121875ms
step 191/360: recursive=0.070s, elapsed=13.789s, eta=12.2s
  [timer] commit_W(len=131072) took 32.4845ms
step 192/360: recursive=0.072s, elapsed=13.861s, eta=12.1s
  [timer] commit_W(len=131072) took 33.734625ms
step 193/360: recursive=0.071s, elapsed=13.932s, eta=12.1s
  [timer] commit_W(len=131072) took 31.793334ms
step 194/360: recursive=0.070s, elapsed=14.002s, eta=12.0s
  [timer] commit_W(len=131072) took 32.509792ms
step 195/360: recursive=0.069s, elapsed=14.071s, eta=11.9s
  [timer] commit_W(len=131072) took 33.534167ms
step 196/360: recursive=0.071s, elapsed=14.142s, eta=11.8s
  [timer] commit_W(len=131072) took 34.058542ms
step 197/360: recursive=0.073s, elapsed=14.215s, eta=11.8s
  [timer] commit_W(len=131072) took 31.906834ms
step 198/360: recursive=0.070s, elapsed=14.285s, eta=11.7s
  [timer] commit_W(len=131072) took 33.348958ms
step 199/360: recursive=0.071s, elapsed=14.357s, eta=11.6s
  [timer] commit_W(len=131072) took 33.80575ms
step 200/360: recursive=0.071s, elapsed=14.428s, eta=11.5s
  [timer] commit_W(len=131072) took 33.829125ms
step 201/360: recursive=0.071s, elapsed=14.499s, eta=11.5s
  [timer] commit_W(len=131072) took 32.159ms
step 202/360: recursive=0.070s, elapsed=14.569s, eta=11.4s
  [timer] commit_W(len=131072) took 32.555375ms
step 203/360: recursive=0.071s, elapsed=14.640s, eta=11.3s
  [timer] commit_W(len=131072) took 34.827417ms
step 204/360: recursive=0.073s, elapsed=14.714s, eta=11.3s
  [timer] commit_W(len=131072) took 32.884208ms
step 205/360: recursive=0.070s, elapsed=14.783s, eta=11.2s
  [timer] commit_W(len=131072) took 31.345ms
step 206/360: recursive=0.069s, elapsed=14.853s, eta=11.1s
  [timer] commit_W(len=131072) took 32.173458ms
step 207/360: recursive=0.071s, elapsed=14.923s, eta=11.0s
  [timer] commit_W(len=131072) took 32.308875ms
step 208/360: recursive=0.070s, elapsed=14.993s, eta=11.0s
  [timer] commit_W(len=131072) took 32.469166ms
step 209/360: recursive=0.071s, elapsed=15.064s, eta=10.9s
  [timer] commit_W(len=131072) took 32.3795ms
step 210/360: recursive=0.071s, elapsed=15.135s, eta=10.8s
  [timer] commit_W(len=131072) took 32.824916ms
step 211/360: recursive=0.070s, elapsed=15.205s, eta=10.7s
  [timer] commit_W(len=131072) took 34.373083ms
step 212/360: recursive=0.071s, elapsed=15.276s, eta=10.7s
  [timer] commit_W(len=131072) took 35.065ms
step 213/360: recursive=0.076s, elapsed=15.352s, eta=10.6s
  [timer] commit_W(len=131072) took 32.63275ms
step 214/360: recursive=0.069s, elapsed=15.421s, eta=10.5s
  [timer] commit_W(len=131072) took 32.253583ms
step 215/360: recursive=0.070s, elapsed=15.492s, eta=10.4s
  [timer] commit_W(len=131072) took 33.356291ms
step 216/360: recursive=0.071s, elapsed=15.563s, eta=10.4s
  [timer] commit_W(len=131072) took 34.495667ms
step 217/360: recursive=0.072s, elapsed=15.634s, eta=10.3s
  [timer] commit_W(len=131072) took 32.290667ms
step 218/360: recursive=0.069s, elapsed=15.704s, eta=10.2s
  [timer] commit_W(len=131072) took 32.0385ms
step 219/360: recursive=0.070s, elapsed=15.773s, eta=10.2s
  [timer] commit_W(len=131072) took 35.975167ms
step 220/360: recursive=0.074s, elapsed=15.847s, eta=10.1s
  [timer] commit_W(len=131072) took 33.780167ms
step 221/360: recursive=0.071s, elapsed=15.919s, eta=10.0s
  [timer] commit_W(len=131072) took 32.699083ms
step 222/360: recursive=0.071s, elapsed=15.990s, eta=9.9s
  [timer] commit_W(len=131072) took 32.743833ms
step 223/360: recursive=0.071s, elapsed=16.061s, eta=9.9s
  [timer] commit_W(len=131072) took 34.566667ms
step 224/360: recursive=0.072s, elapsed=16.133s, eta=9.8s
  [timer] commit_W(len=131072) took 32.663791ms
step 225/360: recursive=0.071s, elapsed=16.204s, eta=9.7s
  [timer] commit_W(len=131072) took 33.921666ms
step 226/360: recursive=0.072s, elapsed=16.276s, eta=9.7s
  [timer] commit_W(len=131072) took 32.8485ms
step 227/360: recursive=0.072s, elapsed=16.348s, eta=9.6s
  [timer] commit_W(len=131072) took 33.015167ms
step 228/360: recursive=0.070s, elapsed=16.418s, eta=9.5s
  [timer] commit_W(len=131072) took 33.376583ms
step 229/360: recursive=0.071s, elapsed=16.488s, eta=9.4s
  [timer] commit_W(len=131072) took 33.88875ms
step 230/360: recursive=0.072s, elapsed=16.560s, eta=9.4s
  [timer] commit_W(len=131072) took 33.898709ms
step 231/360: recursive=0.072s, elapsed=16.632s, eta=9.3s
  [timer] commit_W(len=131072) took 31.432584ms
step 232/360: recursive=0.068s, elapsed=16.700s, eta=9.2s
  [timer] commit_W(len=131072) took 33.3195ms
step 233/360: recursive=0.072s, elapsed=16.772s, eta=9.1s
  [timer] commit_W(len=131072) took 33.1155ms
step 234/360: recursive=0.071s, elapsed=16.843s, eta=9.1s
  [timer] commit_W(len=131072) took 33.288083ms
step 235/360: recursive=0.071s, elapsed=16.914s, eta=9.0s
  [timer] commit_W(len=131072) took 33.676625ms
step 236/360: recursive=0.071s, elapsed=16.985s, eta=8.9s
  [timer] commit_W(len=131072) took 33.344417ms
step 237/360: recursive=0.071s, elapsed=17.056s, eta=8.9s
  [timer] commit_W(len=131072) took 33.892959ms
step 238/360: recursive=0.072s, elapsed=17.128s, eta=8.8s
  [timer] commit_W(len=131072) took 32.037167ms
step 239/360: recursive=0.070s, elapsed=17.198s, eta=8.7s
  [timer] commit_W(len=131072) took 32.784334ms
step 240/360: recursive=0.069s, elapsed=17.267s, eta=8.6s
  [timer] commit_W(len=131072) took 33.091792ms
step 241/360: recursive=0.070s, elapsed=17.337s, eta=8.6s
  [timer] commit_W(len=131072) took 32.54ms
step 242/360: recursive=0.069s, elapsed=17.406s, eta=8.5s
  [timer] commit_W(len=131072) took 31.914167ms
step 243/360: recursive=0.069s, elapsed=17.475s, eta=8.4s
  [timer] commit_W(len=131072) took 32.987583ms
step 244/360: recursive=0.070s, elapsed=17.545s, eta=8.3s
  [timer] commit_W(len=131072) took 33.001916ms
step 245/360: recursive=0.070s, elapsed=17.615s, eta=8.3s
  [timer] commit_W(len=131072) took 33.062166ms
step 246/360: recursive=0.070s, elapsed=17.685s, eta=8.2s
  [timer] commit_W(len=131072) took 32.897833ms
step 247/360: recursive=0.071s, elapsed=17.756s, eta=8.1s
  [timer] commit_W(len=131072) took 33.090125ms
step 248/360: recursive=0.071s, elapsed=17.827s, eta=8.1s
  [timer] commit_W(len=131072) took 32.985541ms
step 249/360: recursive=0.070s, elapsed=17.898s, eta=8.0s
  [timer] commit_W(len=131072) took 36.9155ms
step 250/360: recursive=0.075s, elapsed=17.973s, eta=7.9s
  [timer] commit_W(len=131072) took 33.344333ms
step 251/360: recursive=0.073s, elapsed=18.045s, eta=7.8s
  [timer] commit_W(len=131072) took 32.848375ms
step 252/360: recursive=0.070s, elapsed=18.115s, eta=7.8s
  [timer] commit_W(len=131072) took 32.50725ms
step 253/360: recursive=0.070s, elapsed=18.186s, eta=7.7s
  [timer] commit_W(len=131072) took 33.368ms
step 254/360: recursive=0.072s, elapsed=18.257s, eta=7.6s
  [timer] commit_W(len=131072) took 34.04075ms
step 255/360: recursive=0.073s, elapsed=18.330s, eta=7.5s
  [timer] commit_W(len=131072) took 33.331541ms
step 256/360: recursive=0.074s, elapsed=18.404s, eta=7.5s
  [timer] commit_W(len=131072) took 33.649625ms
step 257/360: recursive=0.102s, elapsed=18.506s, eta=7.4s
  [timer] commit_W(len=131072) took 33.2345ms
step 258/360: recursive=0.070s, elapsed=18.576s, eta=7.3s
  [timer] commit_W(len=131072) took 33.972ms
step 259/360: recursive=0.072s, elapsed=18.648s, eta=7.3s
  [timer] commit_W(len=131072) took 35.358ms
step 260/360: recursive=0.073s, elapsed=18.722s, eta=7.2s
  [timer] commit_W(len=131072) took 33.315875ms
step 261/360: recursive=0.071s, elapsed=18.793s, eta=7.1s
  [timer] commit_W(len=131072) took 33.84275ms
step 262/360: recursive=0.072s, elapsed=18.865s, eta=7.1s
  [timer] commit_W(len=131072) took 34.371459ms
step 263/360: recursive=0.072s, elapsed=18.937s, eta=7.0s
  [timer] commit_W(len=131072) took 32.305125ms
step 264/360: recursive=0.069s, elapsed=19.006s, eta=6.9s
  [timer] commit_W(len=131072) took 34.0875ms
step 265/360: recursive=0.072s, elapsed=19.079s, eta=6.8s
  [timer] commit_W(len=131072) took 32.718042ms
step 266/360: recursive=0.072s, elapsed=19.151s, eta=6.8s
  [timer] commit_W(len=131072) took 33.145ms
step 267/360: recursive=0.070s, elapsed=19.221s, eta=6.7s
  [timer] commit_W(len=131072) took 33.0515ms
step 268/360: recursive=0.071s, elapsed=19.292s, eta=6.6s
  [timer] commit_W(len=131072) took 33.675958ms
step 269/360: recursive=0.073s, elapsed=19.365s, eta=6.6s
  [timer] commit_W(len=131072) took 33.139292ms
step 270/360: recursive=0.071s, elapsed=19.435s, eta=6.5s
  [timer] commit_W(len=131072) took 35.255125ms
step 271/360: recursive=0.073s, elapsed=19.508s, eta=6.4s
  [timer] commit_W(len=131072) took 32.427459ms
step 272/360: recursive=0.070s, elapsed=19.578s, eta=6.3s
  [timer] commit_W(len=131072) took 31.830459ms
step 273/360: recursive=0.069s, elapsed=19.647s, eta=6.3s
  [timer] commit_W(len=131072) took 32.584416ms
step 274/360: recursive=0.071s, elapsed=19.718s, eta=6.2s
  [timer] commit_W(len=131072) took 32.581833ms
step 275/360: recursive=0.070s, elapsed=19.788s, eta=6.1s
  [timer] commit_W(len=131072) took 33.331167ms
step 276/360: recursive=0.072s, elapsed=19.861s, eta=6.0s
  [timer] commit_W(len=131072) took 33.379917ms
step 277/360: recursive=0.071s, elapsed=19.932s, eta=6.0s
  [timer] commit_W(len=131072) took 33.069334ms
step 278/360: recursive=0.071s, elapsed=20.003s, eta=5.9s
  [timer] commit_W(len=131072) took 36.53ms
step 279/360: recursive=0.074s, elapsed=20.077s, eta=5.8s
  [timer] commit_W(len=131072) took 32.090083ms
step 280/360: recursive=0.072s, elapsed=20.149s, eta=5.8s
  [timer] commit_W(len=131072) took 33.584541ms
step 281/360: recursive=0.071s, elapsed=20.220s, eta=5.7s
  [timer] commit_W(len=131072) took 33.372333ms
step 282/360: recursive=0.070s, elapsed=20.290s, eta=5.6s
  [timer] commit_W(len=131072) took 31.860458ms
step 283/360: recursive=0.069s, elapsed=20.359s, eta=5.5s
  [timer] commit_W(len=131072) took 32.328667ms
step 284/360: recursive=0.071s, elapsed=20.430s, eta=5.5s
  [timer] commit_W(len=131072) took 36.111166ms
step 285/360: recursive=0.074s, elapsed=20.504s, eta=5.4s
  [timer] commit_W(len=131072) took 32.962042ms
step 286/360: recursive=0.071s, elapsed=20.575s, eta=5.3s
  [timer] commit_W(len=131072) took 33.151292ms
step 287/360: recursive=0.071s, elapsed=20.645s, eta=5.3s
  [timer] commit_W(len=131072) took 33.822167ms
step 288/360: recursive=0.071s, elapsed=20.716s, eta=5.2s
  [timer] commit_W(len=131072) took 32.567125ms
step 289/360: recursive=0.071s, elapsed=20.787s, eta=5.1s
  [timer] commit_W(len=131072) took 32.661917ms
step 290/360: recursive=0.071s, elapsed=20.858s, eta=5.0s
  [timer] commit_W(len=131072) took 33.04375ms
step 291/360: recursive=0.070s, elapsed=20.928s, eta=5.0s
  [timer] commit_W(len=131072) took 33.690167ms
step 292/360: recursive=0.071s, elapsed=20.999s, eta=4.9s
  [timer] commit_W(len=131072) took 33.634667ms
step 293/360: recursive=0.071s, elapsed=21.070s, eta=4.8s
  [timer] commit_W(len=131072) took 33.875625ms
step 294/360: recursive=0.072s, elapsed=21.142s, eta=4.7s
  [timer] commit_W(len=131072) took 32.504708ms
step 295/360: recursive=0.084s, elapsed=21.226s, eta=4.7s
  [timer] commit_W(len=131072) took 32.594583ms
step 296/360: recursive=0.070s, elapsed=21.296s, eta=4.6s
  [timer] commit_W(len=131072) took 33.032583ms
step 297/360: recursive=0.071s, elapsed=21.367s, eta=4.5s
  [timer] commit_W(len=131072) took 34.161459ms
step 298/360: recursive=0.073s, elapsed=21.439s, eta=4.5s
  [timer] commit_W(len=131072) took 33.626917ms
step 299/360: recursive=0.073s, elapsed=21.512s, eta=4.4s
  [timer] commit_W(len=131072) took 33.315042ms
step 300/360: recursive=0.071s, elapsed=21.583s, eta=4.3s
  [timer] commit_W(len=131072) took 33.538166ms
step 301/360: recursive=0.072s, elapsed=21.655s, eta=4.2s
  [timer] commit_W(len=131072) took 32.455959ms
step 302/360: recursive=0.071s, elapsed=21.726s, eta=4.2s
  [timer] commit_W(len=131072) took 33.530292ms
step 303/360: recursive=0.071s, elapsed=21.797s, eta=4.1s
  [timer] commit_W(len=131072) took 33.379625ms
step 304/360: recursive=0.073s, elapsed=21.870s, eta=4.0s
  [timer] commit_W(len=131072) took 33.929875ms
step 305/360: recursive=0.075s, elapsed=21.944s, eta=4.0s
  [timer] commit_W(len=131072) took 34.909375ms
step 306/360: recursive=0.075s, elapsed=22.019s, eta=3.9s
  [timer] commit_W(len=131072) took 33.716417ms
step 307/360: recursive=0.071s, elapsed=22.090s, eta=3.8s
  [timer] commit_W(len=131072) took 32.987084ms
step 308/360: recursive=0.070s, elapsed=22.160s, eta=3.7s
  [timer] commit_W(len=131072) took 34.0935ms
step 309/360: recursive=0.073s, elapsed=22.233s, eta=3.7s
  [timer] commit_W(len=131072) took 34.863584ms
step 310/360: recursive=0.073s, elapsed=22.305s, eta=3.6s
  [timer] commit_W(len=131072) took 31.805ms
step 311/360: recursive=0.069s, elapsed=22.374s, eta=3.5s
  [timer] commit_W(len=131072) took 32.211208ms
step 312/360: recursive=0.069s, elapsed=22.444s, eta=3.5s
  [timer] commit_W(len=131072) took 31.4785ms
step 313/360: recursive=0.069s, elapsed=22.513s, eta=3.4s
  [timer] commit_W(len=131072) took 31.87575ms
step 314/360: recursive=0.073s, elapsed=22.586s, eta=3.3s
  [timer] commit_W(len=131072) took 32.707416ms
step 315/360: recursive=0.069s, elapsed=22.655s, eta=3.2s
  [timer] commit_W(len=131072) took 32.456542ms
step 316/360: recursive=0.070s, elapsed=22.725s, eta=3.2s
  [timer] commit_W(len=131072) took 32.501292ms
step 317/360: recursive=0.071s, elapsed=22.797s, eta=3.1s
  [timer] commit_W(len=131072) took 33.792583ms
step 318/360: recursive=0.073s, elapsed=22.870s, eta=3.0s
  [timer] commit_W(len=131072) took 67.821166ms
step 319/360: recursive=0.106s, elapsed=22.976s, eta=3.0s
  [timer] commit_W(len=131072) took 32.800958ms
step 320/360: recursive=0.072s, elapsed=23.048s, eta=2.9s
  [timer] commit_W(len=131072) took 35.468125ms
step 321/360: recursive=0.074s, elapsed=23.122s, eta=2.8s
  [timer] commit_W(len=131072) took 32.709667ms
step 322/360: recursive=0.070s, elapsed=23.192s, eta=2.7s
  [timer] commit_W(len=131072) took 33.346167ms
step 323/360: recursive=0.070s, elapsed=23.262s, eta=2.7s
  [timer] commit_W(len=131072) took 34.240959ms
step 324/360: recursive=0.072s, elapsed=23.335s, eta=2.6s
  [timer] commit_W(len=131072) took 32.868333ms
step 325/360: recursive=0.072s, elapsed=23.406s, eta=2.5s
  [timer] commit_W(len=131072) took 32.783042ms
step 326/360: recursive=0.071s, elapsed=23.477s, eta=2.4s
  [timer] commit_W(len=131072) took 33.332875ms
step 327/360: recursive=0.071s, elapsed=23.548s, eta=2.4s
  [timer] commit_W(len=131072) took 33.544ms
step 328/360: recursive=0.071s, elapsed=23.619s, eta=2.3s
  [timer] commit_W(len=131072) took 34.190917ms
step 329/360: recursive=0.071s, elapsed=23.690s, eta=2.2s
  [timer] commit_W(len=131072) took 32.565042ms
step 330/360: recursive=0.072s, elapsed=23.762s, eta=2.2s
  [timer] commit_W(len=131072) took 32.915291ms
step 331/360: recursive=0.071s, elapsed=23.833s, eta=2.1s
  [timer] commit_W(len=131072) took 33.808334ms
step 332/360: recursive=0.071s, elapsed=23.904s, eta=2.0s
  [timer] commit_W(len=131072) took 32.918917ms
step 333/360: recursive=0.071s, elapsed=23.975s, eta=1.9s
  [timer] commit_W(len=131072) took 33.354208ms
step 334/360: recursive=0.071s, elapsed=24.046s, eta=1.9s
  [timer] commit_W(len=131072) took 35.779583ms
step 335/360: recursive=0.074s, elapsed=24.120s, eta=1.8s
  [timer] commit_W(len=131072) took 34.071375ms
step 336/360: recursive=0.073s, elapsed=24.194s, eta=1.7s
  [timer] commit_W(len=131072) took 32.436542ms
step 337/360: recursive=0.069s, elapsed=24.263s, eta=1.7s
  [timer] commit_W(len=131072) took 39.247333ms
step 338/360: recursive=0.077s, elapsed=24.340s, eta=1.6s
  [timer] commit_W(len=131072) took 31.470042ms
step 339/360: recursive=0.072s, elapsed=24.412s, eta=1.5s
  [timer] commit_W(len=131072) took 34.488667ms
step 340/360: recursive=0.073s, elapsed=24.485s, eta=1.4s
  [timer] commit_W(len=131072) took 32.664ms
step 341/360: recursive=0.070s, elapsed=24.555s, eta=1.4s
  [timer] commit_W(len=131072) took 33.836292ms
step 342/360: recursive=0.074s, elapsed=24.628s, eta=1.3s
  [timer] commit_W(len=131072) took 32.622833ms
step 343/360: recursive=0.073s, elapsed=24.701s, eta=1.2s
  [timer] commit_W(len=131072) took 32.838125ms
step 344/360: recursive=0.070s, elapsed=24.771s, eta=1.2s
  [timer] commit_W(len=131072) took 33.559333ms
step 345/360: recursive=0.072s, elapsed=24.843s, eta=1.1s
  [timer] commit_W(len=131072) took 32.10925ms
step 346/360: recursive=0.070s, elapsed=24.913s, eta=1.0s
  [timer] commit_W(len=131072) took 33.318667ms
step 347/360: recursive=0.071s, elapsed=24.984s, eta=0.9s
  [timer] commit_W(len=131072) took 32.905041ms
step 348/360: recursive=0.070s, elapsed=25.054s, eta=0.9s
  [timer] commit_W(len=131072) took 34.408417ms
step 349/360: recursive=0.074s, elapsed=25.128s, eta=0.8s
  [timer] commit_W(len=131072) took 33.919625ms
step 350/360: recursive=0.083s, elapsed=25.211s, eta=0.7s
  [timer] commit_W(len=131072) took 44.12475ms
step 351/360: recursive=0.082s, elapsed=25.293s, eta=0.6s
  [timer] commit_W(len=131072) took 34.40175ms
step 352/360: recursive=0.073s, elapsed=25.366s, eta=0.6s
  [timer] commit_W(len=131072) took 33.520542ms
step 353/360: recursive=0.073s, elapsed=25.440s, eta=0.5s
  [timer] commit_W(len=131072) took 33.294625ms
step 354/360: recursive=0.071s, elapsed=25.510s, eta=0.4s
  [timer] commit_W(len=131072) took 33.301875ms
step 355/360: recursive=0.072s, elapsed=25.582s, eta=0.4s
  [timer] commit_W(len=131072) took 34.123959ms
step 356/360: recursive=0.071s, elapsed=25.654s, eta=0.3s
  [timer] commit_W(len=131072) took 38.738125ms
step 357/360: recursive=0.080s, elapsed=25.734s, eta=0.2s
  [timer] commit_W(len=131072) took 37.248792ms
step 358/360: recursive=0.078s, elapsed=25.812s, eta=0.1s
  [timer] commit_W(len=131072) took 33.272167ms
step 359/360: recursive=0.073s, elapsed=25.884s, eta=0.1s
  [timer] commit_W(len=131072) took 33.409583ms
step 360/360: recursive=0.071s, elapsed=25.955s, eta=0s
Verifying a RecursiveSNARK...
RecursiveSNARK::verify: true, took 0.151s
Recursive proof artifact written to /Users/hanbunko/Downloads/vcvc/vimz/VerImgCmp/output/poseidon/HD-proof.json

NeutronNova recursive proving summary:
+-------------------------------+-------------+
| metric                        | time (s)    |
+-------------------------------+-------------+
| total recursive creation      |   27.674867 |
| frontend_prepare              |    1.675326 |
| prove_step                    |   25.892861 |
+-------------------------------+-------------+

prove_step breakdown (sum over all folded steps):
+-------------------------------+-------------+
| metric                        | time (s)    |
+-------------------------------+-------------+
| commit_E                      |    1.544971 |
| multiply_vec_z1               |    4.082654 |
| multiply_vec_z2               |    4.071631 |
| prove_helper                  |    2.933452 |
| poly_finalize                 |    0.096534 |
| fold_instance                 |    0.247441 |
| fold_witness                  |    0.312264 |
| augmented_synthesize          |    3.557067 |
| commit_W                      |   12.125441 |
| extract_other                 |    0.247283 |
+-------------------------------+-------------+
recursive verify: 0.151190s
TOTAL_PROVER_TIME: 27.674867
PEAK_RSS_BYTES: 513884160
PEAK_RSS_GIB: 0.478592
