| Image resolution: HD
| Rayon threads: 8
| Expected steps: 360
| Pixels per step: 2560
frontend preparation took 1.672s
Creating a RecursiveSNARK...
  [timer] commit_W(len=131072) took 33.456125ms
step 1/360: recursive=0.000s, elapsed=0.000s, eta=0.0s
  [timer] commit_W(len=131072) took 34.465334ms
step 2/360: recursive=0.074s, elapsed=0.074s, eta=13.2s
  [timer] commit_W(len=131072) took 33.20125ms
step 3/360: recursive=0.072s, elapsed=0.146s, eta=17.4s
  [timer] commit_W(len=131072) took 32.546541ms
step 4/360: recursive=0.069s, elapsed=0.215s, eta=19.2s
  [timer] commit_W(len=131072) took 32.953ms
step 5/360: recursive=0.072s, elapsed=0.287s, eta=20.4s
  [timer] commit_W(len=131072) took 32.831625ms
step 6/360: recursive=0.069s, elapsed=0.357s, eta=21.0s
  [timer] commit_W(len=131072) took 32.362667ms
step 7/360: recursive=0.071s, elapsed=0.428s, eta=21.6s
  [timer] commit_W(len=131072) took 32.905667ms
step 8/360: recursive=0.075s, elapsed=0.503s, eta=22.1s
  [timer] commit_W(len=131072) took 32.044708ms
step 9/360: recursive=0.070s, elapsed=0.572s, eta=22.3s
  [timer] commit_W(len=131072) took 32.749208ms
step 10/360: recursive=0.072s, elapsed=0.644s, eta=22.5s
  [timer] commit_W(len=131072) took 30.53175ms
step 11/360: recursive=0.068s, elapsed=0.712s, eta=22.6s
  [timer] commit_W(len=131072) took 31.654958ms
step 12/360: recursive=0.068s, elapsed=0.780s, eta=22.6s
  [timer] commit_W(len=131072) took 31.542541ms
step 13/360: recursive=0.069s, elapsed=0.849s, eta=22.7s
  [timer] commit_W(len=131072) took 35.455375ms
step 14/360: recursive=0.077s, elapsed=0.926s, eta=22.9s
  [timer] commit_W(len=131072) took 35.900916ms
step 15/360: recursive=0.074s, elapsed=1.000s, eta=23.0s
  [timer] commit_W(len=131072) took 36.770666ms
step 16/360: recursive=0.075s, elapsed=1.075s, eta=23.1s
  [timer] commit_W(len=131072) took 34.004375ms
step 17/360: recursive=0.083s, elapsed=1.158s, eta=23.4s
  [timer] commit_W(len=131072) took 34.233875ms
step 18/360: recursive=0.071s, elapsed=1.229s, eta=23.3s
  [timer] commit_W(len=131072) took 33.878916ms
step 19/360: recursive=0.082s, elapsed=1.311s, eta=23.5s
  [timer] commit_W(len=131072) took 33.880334ms
step 20/360: recursive=0.072s, elapsed=1.382s, eta=23.5s
  [timer] commit_W(len=131072) took 37.375ms
step 21/360: recursive=0.075s, elapsed=1.457s, eta=23.5s
  [timer] commit_W(len=131072) took 38.808958ms
step 22/360: recursive=0.080s, elapsed=1.537s, eta=23.6s
  [timer] commit_W(len=131072) took 36.591167ms
step 23/360: recursive=0.078s, elapsed=1.615s, eta=23.7s
  [timer] commit_W(len=131072) took 33.097625ms
step 24/360: recursive=0.072s, elapsed=1.687s, eta=23.6s
  [timer] commit_W(len=131072) took 33.471708ms
step 25/360: recursive=0.071s, elapsed=1.758s, eta=23.6s
  [timer] commit_W(len=131072) took 35.161375ms
step 26/360: recursive=0.072s, elapsed=1.830s, eta=23.5s
  [timer] commit_W(len=131072) took 32.494917ms
step 27/360: recursive=0.072s, elapsed=1.902s, eta=23.5s
  [timer] commit_W(len=131072) took 33.614583ms
step 28/360: recursive=0.071s, elapsed=1.973s, eta=23.4s
  [timer] commit_W(len=131072) took 32.916041ms
step 29/360: recursive=0.070s, elapsed=2.044s, eta=23.3s
  [timer] commit_W(len=131072) took 32.840083ms
step 30/360: recursive=0.070s, elapsed=2.114s, eta=23.3s
  [timer] commit_W(len=131072) took 34.548ms
step 31/360: recursive=0.071s, elapsed=2.185s, eta=23.2s
  [timer] commit_W(len=131072) took 34.113166ms
step 32/360: recursive=0.071s, elapsed=2.257s, eta=23.1s
  [timer] commit_W(len=131072) took 34.151625ms
step 33/360: recursive=0.070s, elapsed=2.327s, eta=23.1s
  [timer] commit_W(len=131072) took 32.78ms
step 34/360: recursive=0.071s, elapsed=2.398s, eta=23.0s
  [timer] commit_W(len=131072) took 32.725542ms
step 35/360: recursive=0.069s, elapsed=2.467s, eta=22.9s
  [timer] commit_W(len=131072) took 32.763625ms
step 36/360: recursive=0.105s, elapsed=2.572s, eta=23.2s
  [timer] commit_W(len=131072) took 32.622125ms
step 37/360: recursive=0.070s, elapsed=2.642s, eta=23.1s
  [timer] commit_W(len=131072) took 32.3935ms
step 38/360: recursive=0.072s, elapsed=2.714s, eta=23.0s
  [timer] commit_W(len=131072) took 32.204334ms
step 39/360: recursive=0.069s, elapsed=2.783s, eta=22.9s
  [timer] commit_W(len=131072) took 33.803791ms
step 40/360: recursive=0.073s, elapsed=2.856s, eta=22.8s
  [timer] commit_W(len=131072) took 33.352584ms
step 41/360: recursive=0.070s, elapsed=2.926s, eta=22.8s
  [timer] commit_W(len=131072) took 33.296542ms
step 42/360: recursive=0.070s, elapsed=2.996s, eta=22.7s
  [timer] commit_W(len=131072) took 33.139916ms
step 43/360: recursive=0.072s, elapsed=3.068s, eta=22.6s
  [timer] commit_W(len=131072) took 33.017167ms
step 44/360: recursive=0.072s, elapsed=3.140s, eta=22.5s
  [timer] commit_W(len=131072) took 31.922709ms
step 45/360: recursive=0.070s, elapsed=3.210s, eta=22.5s
  [timer] commit_W(len=131072) took 33.592541ms
step 46/360: recursive=0.071s, elapsed=3.280s, eta=22.4s
  [timer] commit_W(len=131072) took 36.891083ms
step 47/360: recursive=0.077s, elapsed=3.357s, eta=22.4s
  [timer] commit_W(len=131072) took 32.784875ms
step 48/360: recursive=0.071s, elapsed=3.428s, eta=22.3s
  [timer] commit_W(len=131072) took 34.389625ms
step 49/360: recursive=0.074s, elapsed=3.502s, eta=22.2s
  [timer] commit_W(len=131072) took 33.728917ms
step 50/360: recursive=0.070s, elapsed=3.572s, eta=22.1s
  [timer] commit_W(len=131072) took 32.270584ms
step 51/360: recursive=0.074s, elapsed=3.646s, eta=22.1s
  [timer] commit_W(len=131072) took 32.674542ms
step 52/360: recursive=0.071s, elapsed=3.717s, eta=22.0s
  [timer] commit_W(len=131072) took 32.705875ms
step 53/360: recursive=0.070s, elapsed=3.787s, eta=21.9s
  [timer] commit_W(len=131072) took 32.33075ms
step 54/360: recursive=0.069s, elapsed=3.856s, eta=21.9s
  [timer] commit_W(len=131072) took 33.444458ms
step 55/360: recursive=0.072s, elapsed=3.928s, eta=21.8s
  [timer] commit_W(len=131072) took 32.755333ms
step 56/360: recursive=0.069s, elapsed=3.997s, eta=21.7s
  [timer] commit_W(len=131072) took 34.277375ms
step 57/360: recursive=0.073s, elapsed=4.070s, eta=21.6s
  [timer] commit_W(len=131072) took 32.997ms
step 58/360: recursive=0.070s, elapsed=4.140s, eta=21.6s
  [timer] commit_W(len=131072) took 32.506667ms
step 59/360: recursive=0.070s, elapsed=4.210s, eta=21.5s
  [timer] commit_W(len=131072) took 32.825667ms
step 60/360: recursive=0.071s, elapsed=4.281s, eta=21.4s
  [timer] commit_W(len=131072) took 33.493375ms
step 61/360: recursive=0.072s, elapsed=4.353s, eta=21.3s
  [timer] commit_W(len=131072) took 33.324708ms
step 62/360: recursive=0.070s, elapsed=4.423s, eta=21.3s
  [timer] commit_W(len=131072) took 32.652583ms
step 63/360: recursive=0.071s, elapsed=4.494s, eta=21.2s
  [timer] commit_W(len=131072) took 34.368333ms
step 64/360: recursive=0.071s, elapsed=4.565s, eta=21.1s
  [timer] commit_W(len=131072) took 32.521084ms
step 65/360: recursive=0.070s, elapsed=4.635s, eta=21.0s
  [timer] commit_W(len=131072) took 32.276833ms
step 66/360: recursive=0.070s, elapsed=4.704s, eta=21.0s
  [timer] commit_W(len=131072) took 33.164709ms
step 67/360: recursive=0.070s, elapsed=4.775s, eta=20.9s
  [timer] commit_W(len=131072) took 32.707709ms
step 68/360: recursive=0.071s, elapsed=4.845s, eta=20.8s
  [timer] commit_W(len=131072) took 32.839375ms
step 69/360: recursive=0.072s, elapsed=4.918s, eta=20.7s
  [timer] commit_W(len=131072) took 32.888375ms
step 70/360: recursive=0.070s, elapsed=4.987s, eta=20.7s
  [timer] commit_W(len=131072) took 33.627542ms
step 71/360: recursive=0.071s, elapsed=5.058s, eta=20.6s
  [timer] commit_W(len=131072) took 33.864833ms
step 72/360: recursive=0.072s, elapsed=5.130s, eta=20.5s
  [timer] commit_W(len=131072) took 33.077333ms
step 73/360: recursive=0.070s, elapsed=5.200s, eta=20.4s
  [timer] commit_W(len=131072) took 32.448875ms
step 74/360: recursive=0.070s, elapsed=5.270s, eta=20.4s
  [timer] commit_W(len=131072) took 33.048083ms
step 75/360: recursive=0.074s, elapsed=5.343s, eta=20.3s
  [timer] commit_W(len=131072) took 33.170709ms
step 76/360: recursive=0.070s, elapsed=5.414s, eta=20.2s
  [timer] commit_W(len=131072) took 33.960375ms
step 77/360: recursive=0.072s, elapsed=5.486s, eta=20.2s
  [timer] commit_W(len=131072) took 31.7505ms
step 78/360: recursive=0.070s, elapsed=5.556s, eta=20.1s
  [timer] commit_W(len=131072) took 33.218209ms
step 79/360: recursive=0.071s, elapsed=5.627s, eta=20.0s
  [timer] commit_W(len=131072) took 34.701542ms
step 80/360: recursive=0.072s, elapsed=5.699s, eta=19.9s
  [timer] commit_W(len=131072) took 32.600541ms
step 81/360: recursive=0.073s, elapsed=5.772s, eta=19.9s
  [timer] commit_W(len=131072) took 31.74525ms
step 82/360: recursive=0.070s, elapsed=5.842s, eta=19.8s
  [timer] commit_W(len=131072) took 32.924ms
step 83/360: recursive=0.071s, elapsed=5.914s, eta=19.7s
  [timer] commit_W(len=131072) took 34.12875ms
step 84/360: recursive=0.072s, elapsed=5.986s, eta=19.7s
  [timer] commit_W(len=131072) took 36.741208ms
step 85/360: recursive=0.075s, elapsed=6.062s, eta=19.6s
  [timer] commit_W(len=131072) took 36.223833ms
step 86/360: recursive=0.074s, elapsed=6.135s, eta=19.5s
  [timer] commit_W(len=131072) took 32.42175ms
step 87/360: recursive=0.071s, elapsed=6.206s, eta=19.5s
  [timer] commit_W(len=131072) took 33.027833ms
step 88/360: recursive=0.071s, elapsed=6.277s, eta=19.4s
  [timer] commit_W(len=131072) took 33.216583ms
step 89/360: recursive=0.071s, elapsed=6.348s, eta=19.3s
  [timer] commit_W(len=131072) took 33.984667ms
step 90/360: recursive=0.072s, elapsed=6.419s, eta=19.3s
  [timer] commit_W(len=131072) took 32.843791ms
step 91/360: recursive=0.069s, elapsed=6.489s, eta=19.2s
  [timer] commit_W(len=131072) took 32.435459ms
step 92/360: recursive=0.070s, elapsed=6.558s, eta=19.1s
  [timer] commit_W(len=131072) took 32.55125ms
step 93/360: recursive=0.071s, elapsed=6.629s, eta=19.0s
  [timer] commit_W(len=131072) took 33.383541ms
step 94/360: recursive=0.071s, elapsed=6.700s, eta=19.0s
  [timer] commit_W(len=131072) took 32.771167ms
step 95/360: recursive=0.069s, elapsed=6.769s, eta=18.9s
  [timer] commit_W(len=131072) took 33.325583ms
step 96/360: recursive=0.075s, elapsed=6.844s, eta=18.8s
  [timer] commit_W(len=131072) took 33.643958ms
step 97/360: recursive=0.071s, elapsed=6.915s, eta=18.7s
  [timer] commit_W(len=131072) took 31.864542ms
step 98/360: recursive=0.069s, elapsed=6.984s, eta=18.7s
  [timer] commit_W(len=131072) took 34.172917ms
step 99/360: recursive=0.072s, elapsed=7.057s, eta=18.6s
  [timer] commit_W(len=131072) took 32.521917ms
step 100/360: recursive=0.070s, elapsed=7.126s, eta=18.5s
  [timer] commit_W(len=131072) took 33.835208ms
step 101/360: recursive=0.073s, elapsed=7.199s, eta=18.5s
  [timer] commit_W(len=131072) took 35.463959ms
step 102/360: recursive=0.073s, elapsed=7.272s, eta=18.4s
  [timer] commit_W(len=131072) took 32.276375ms
step 103/360: recursive=0.070s, elapsed=7.342s, eta=18.3s
  [timer] commit_W(len=131072) took 33.203ms
step 104/360: recursive=0.073s, elapsed=7.415s, eta=18.3s
  [timer] commit_W(len=131072) took 32.204292ms
step 105/360: recursive=0.069s, elapsed=7.484s, eta=18.2s
  [timer] commit_W(len=131072) took 35.800208ms
step 106/360: recursive=0.075s, elapsed=7.559s, eta=18.1s
  [timer] commit_W(len=131072) took 33.581417ms
step 107/360: recursive=0.071s, elapsed=7.631s, eta=18.0s
  [timer] commit_W(len=131072) took 31.8465ms
step 108/360: recursive=0.069s, elapsed=7.700s, eta=18.0s
  [timer] commit_W(len=131072) took 32.802292ms
step 109/360: recursive=0.070s, elapsed=7.770s, eta=17.9s
  [timer] commit_W(len=131072) took 37.642958ms
step 110/360: recursive=0.074s, elapsed=7.844s, eta=17.8s
  [timer] commit_W(len=131072) took 33.429708ms
step 111/360: recursive=0.071s, elapsed=7.915s, eta=17.8s
  [timer] commit_W(len=131072) took 33.069041ms
step 112/360: recursive=0.072s, elapsed=7.987s, eta=17.7s
  [timer] commit_W(len=131072) took 33.809625ms
step 113/360: recursive=0.072s, elapsed=8.059s, eta=17.6s
  [timer] commit_W(len=131072) took 33.198042ms
step 114/360: recursive=0.070s, elapsed=8.129s, eta=17.5s
  [timer] commit_W(len=131072) took 33.572417ms
step 115/360: recursive=0.073s, elapsed=8.202s, eta=17.5s
  [timer] commit_W(len=131072) took 34.495708ms
step 116/360: recursive=0.072s, elapsed=8.273s, eta=17.4s
  [timer] commit_W(len=131072) took 32.895833ms
step 117/360: recursive=0.071s, elapsed=8.344s, eta=17.3s
  [timer] commit_W(len=131072) took 33.895709ms
step 118/360: recursive=0.073s, elapsed=8.417s, eta=17.3s
  [timer] commit_W(len=131072) took 33.058792ms
step 119/360: recursive=0.071s, elapsed=8.488s, eta=17.2s
  [timer] commit_W(len=131072) took 33.018291ms
step 120/360: recursive=0.071s, elapsed=8.560s, eta=17.1s
  [timer] commit_W(len=131072) took 33.304625ms
step 121/360: recursive=0.070s, elapsed=8.630s, eta=17.0s
  [timer] commit_W(len=131072) took 35.067583ms
step 122/360: recursive=0.073s, elapsed=8.702s, eta=17.0s
  [timer] commit_W(len=131072) took 33.660917ms
step 123/360: recursive=0.074s, elapsed=8.776s, eta=16.9s
  [timer] commit_W(len=131072) took 35.057166ms
step 124/360: recursive=0.072s, elapsed=8.848s, eta=16.8s
  [timer] commit_W(len=131072) took 33.385375ms
step 125/360: recursive=0.072s, elapsed=8.920s, eta=16.8s
  [timer] commit_W(len=131072) took 32.505875ms
step 126/360: recursive=0.071s, elapsed=8.991s, eta=16.7s
  [timer] commit_W(len=131072) took 33.823958ms
step 127/360: recursive=0.073s, elapsed=9.064s, eta=16.6s
  [timer] commit_W(len=131072) took 33.531541ms
step 128/360: recursive=0.071s, elapsed=9.135s, eta=16.6s
  [timer] commit_W(len=131072) took 33.433917ms
step 129/360: recursive=0.070s, elapsed=9.205s, eta=16.5s
  [timer] commit_W(len=131072) took 34.983916ms
step 130/360: recursive=0.072s, elapsed=9.277s, eta=16.4s
  [timer] commit_W(len=131072) took 34.5895ms
step 131/360: recursive=0.073s, elapsed=9.350s, eta=16.3s
  [timer] commit_W(len=131072) took 32.04ms
step 132/360: recursive=0.069s, elapsed=9.419s, eta=16.3s
  [timer] commit_W(len=131072) took 33.505583ms
step 133/360: recursive=0.072s, elapsed=9.491s, eta=16.2s
  [timer] commit_W(len=131072) took 33.348167ms
step 134/360: recursive=0.072s, elapsed=9.563s, eta=16.1s
  [timer] commit_W(len=131072) took 32.951959ms
step 135/360: recursive=0.072s, elapsed=9.635s, eta=16.1s
  [timer] commit_W(len=131072) took 33.751792ms
step 136/360: recursive=0.074s, elapsed=9.709s, eta=16.0s
  [timer] commit_W(len=131072) took 32.54125ms
step 137/360: recursive=0.069s, elapsed=9.778s, eta=15.9s
  [timer] commit_W(len=131072) took 34.341292ms
step 138/360: recursive=0.073s, elapsed=9.851s, eta=15.8s
  [timer] commit_W(len=131072) took 32.814ms
step 139/360: recursive=0.072s, elapsed=9.922s, eta=15.8s
  [timer] commit_W(len=131072) took 34.5095ms
step 140/360: recursive=0.074s, elapsed=9.996s, eta=15.7s
  [timer] commit_W(len=131072) took 34.661708ms
step 141/360: recursive=0.074s, elapsed=10.070s, eta=15.6s
  [timer] commit_W(len=131072) took 33.415625ms
step 142/360: recursive=0.071s, elapsed=10.141s, eta=15.6s
  [timer] commit_W(len=131072) took 33.974875ms
step 143/360: recursive=0.070s, elapsed=10.211s, eta=15.5s
  [timer] commit_W(len=131072) took 32.396834ms
step 144/360: recursive=0.071s, elapsed=10.282s, eta=15.4s
  [timer] commit_W(len=131072) took 34.473833ms
step 145/360: recursive=0.074s, elapsed=10.356s, eta=15.4s
  [timer] commit_W(len=131072) took 32.258083ms
step 146/360: recursive=0.070s, elapsed=10.426s, eta=15.3s
  [timer] commit_W(len=131072) took 31.582916ms
step 147/360: recursive=0.069s, elapsed=10.494s, eta=15.2s
  [timer] commit_W(len=131072) took 32.507417ms
step 148/360: recursive=0.071s, elapsed=10.565s, eta=15.1s
  [timer] commit_W(len=131072) took 34.420875ms
step 149/360: recursive=0.072s, elapsed=10.637s, eta=15.1s
  [timer] commit_W(len=131072) took 32.400875ms
step 150/360: recursive=0.071s, elapsed=10.708s, eta=15.0s
  [timer] commit_W(len=131072) took 32.528ms
step 151/360: recursive=0.071s, elapsed=10.778s, eta=14.9s
  [timer] commit_W(len=131072) took 35.293ms
step 152/360: recursive=0.074s, elapsed=10.852s, eta=14.9s
  [timer] commit_W(len=131072) took 34.414ms
step 153/360: recursive=0.073s, elapsed=10.925s, eta=14.8s
  [timer] commit_W(len=131072) took 34.572208ms
step 154/360: recursive=0.076s, elapsed=11.001s, eta=14.7s
  [timer] commit_W(len=131072) took 32.260125ms
step 155/360: recursive=0.073s, elapsed=11.074s, eta=14.6s
  [timer] commit_W(len=131072) took 33.092541ms
step 156/360: recursive=0.072s, elapsed=11.146s, eta=14.6s
  [timer] commit_W(len=131072) took 31.181334ms
step 157/360: recursive=0.068s, elapsed=11.214s, eta=14.5s
  [timer] commit_W(len=131072) took 32.383708ms
step 158/360: recursive=0.071s, elapsed=11.284s, eta=14.4s
  [timer] commit_W(len=131072) took 32.339708ms
step 159/360: recursive=0.069s, elapsed=11.353s, eta=14.4s
  [timer] commit_W(len=131072) took 32.261792ms
step 160/360: recursive=0.071s, elapsed=11.424s, eta=14.3s
  [timer] commit_W(len=131072) took 33.494125ms
step 161/360: recursive=0.071s, elapsed=11.495s, eta=14.2s
  [timer] commit_W(len=131072) took 32.34325ms
step 162/360: recursive=0.071s, elapsed=11.566s, eta=14.1s
  [timer] commit_W(len=131072) took 32.557834ms
step 163/360: recursive=0.070s, elapsed=11.636s, eta=14.1s
  [timer] commit_W(len=131072) took 32.5015ms
step 164/360: recursive=0.070s, elapsed=11.705s, eta=14.0s
  [timer] commit_W(len=131072) took 36.471666ms
step 165/360: recursive=0.075s, elapsed=11.780s, eta=13.9s
  [timer] commit_W(len=131072) took 33.410917ms
step 166/360: recursive=0.072s, elapsed=11.853s, eta=13.9s
  [timer] commit_W(len=131072) took 32.297875ms
step 167/360: recursive=0.069s, elapsed=11.921s, eta=13.8s
  [timer] commit_W(len=131072) took 32.126292ms
step 168/360: recursive=0.106s, elapsed=12.027s, eta=13.7s
  [timer] commit_W(len=131072) took 40.708834ms
step 169/360: recursive=0.079s, elapsed=12.106s, eta=13.7s
  [timer] commit_W(len=131072) took 31.788958ms
step 170/360: recursive=0.074s, elapsed=12.180s, eta=13.6s
  [timer] commit_W(len=131072) took 31.669417ms
step 171/360: recursive=0.071s, elapsed=12.251s, eta=13.5s
  [timer] commit_W(len=131072) took 33.39275ms
step 172/360: recursive=0.072s, elapsed=12.323s, eta=13.5s
  [timer] commit_W(len=131072) took 32.183291ms
step 173/360: recursive=0.070s, elapsed=12.392s, eta=13.4s
  [timer] commit_W(len=131072) took 33.723833ms
step 174/360: recursive=0.072s, elapsed=12.464s, eta=13.3s
  [timer] commit_W(len=131072) took 31.872959ms
step 175/360: recursive=0.070s, elapsed=12.534s, eta=13.3s
  [timer] commit_W(len=131072) took 32.809ms
step 176/360: recursive=0.071s, elapsed=12.606s, eta=13.2s
  [timer] commit_W(len=131072) took 32.783667ms
step 177/360: recursive=0.069s, elapsed=12.675s, eta=13.1s
  [timer] commit_W(len=131072) took 32.89275ms
step 178/360: recursive=0.069s, elapsed=12.745s, eta=13.0s
  [timer] commit_W(len=131072) took 34.583375ms
step 179/360: recursive=0.072s, elapsed=12.816s, eta=13.0s
  [timer] commit_W(len=131072) took 31.491125ms
step 180/360: recursive=0.070s, elapsed=12.886s, eta=12.9s
  [timer] commit_W(len=131072) took 32.225ms
step 181/360: recursive=0.069s, elapsed=12.955s, eta=12.8s
  [timer] commit_W(len=131072) took 32.9425ms
step 182/360: recursive=0.071s, elapsed=13.027s, eta=12.7s
  [timer] commit_W(len=131072) took 34.163125ms
step 183/360: recursive=0.072s, elapsed=13.098s, eta=12.7s
  [timer] commit_W(len=131072) took 34.273792ms
step 184/360: recursive=0.071s, elapsed=13.169s, eta=12.6s
  [timer] commit_W(len=131072) took 32.23025ms
step 185/360: recursive=0.069s, elapsed=13.238s, eta=12.5s
  [timer] commit_W(len=131072) took 33.937125ms
step 186/360: recursive=0.071s, elapsed=13.308s, eta=12.4s
  [timer] commit_W(len=131072) took 34.838125ms
step 187/360: recursive=0.073s, elapsed=13.382s, eta=12.4s
  [timer] commit_W(len=131072) took 32.764958ms
step 188/360: recursive=0.070s, elapsed=13.452s, eta=12.3s
  [timer] commit_W(len=131072) took 32.731625ms
step 189/360: recursive=0.070s, elapsed=13.522s, eta=12.2s
  [timer] commit_W(len=131072) took 31.73175ms
step 190/360: recursive=0.070s, elapsed=13.592s, eta=12.2s
  [timer] commit_W(len=131072) took 33.287833ms
step 191/360: recursive=0.071s, elapsed=13.663s, eta=12.1s
  [timer] commit_W(len=131072) took 32.888542ms
step 192/360: recursive=0.072s, elapsed=13.735s, eta=12.0s
  [timer] commit_W(len=131072) took 31.890458ms
step 193/360: recursive=0.069s, elapsed=13.804s, eta=11.9s
  [timer] commit_W(len=131072) took 34.928416ms
step 194/360: recursive=0.073s, elapsed=13.877s, eta=11.9s
  [timer] commit_W(len=131072) took 34.270167ms
step 195/360: recursive=0.073s, elapsed=13.950s, eta=11.8s
  [timer] commit_W(len=131072) took 33.305708ms
step 196/360: recursive=0.071s, elapsed=14.021s, eta=11.7s
  [timer] commit_W(len=131072) took 32.828083ms
step 197/360: recursive=0.072s, elapsed=14.093s, eta=11.7s
  [timer] commit_W(len=131072) took 33.239083ms
step 198/360: recursive=0.071s, elapsed=14.164s, eta=11.6s
  [timer] commit_W(len=131072) took 37.823625ms
step 199/360: recursive=0.076s, elapsed=14.240s, eta=11.5s
  [timer] commit_W(len=131072) took 33.660125ms
step 200/360: recursive=0.071s, elapsed=14.311s, eta=11.4s
  [timer] commit_W(len=131072) took 31.857125ms
step 201/360: recursive=0.070s, elapsed=14.381s, eta=11.4s
  [timer] commit_W(len=131072) took 33.077375ms
step 202/360: recursive=0.070s, elapsed=14.452s, eta=11.3s
  [timer] commit_W(len=131072) took 33.644292ms
step 203/360: recursive=0.071s, elapsed=14.523s, eta=11.2s
  [timer] commit_W(len=131072) took 34.274375ms
step 204/360: recursive=0.072s, elapsed=14.595s, eta=11.2s
  [timer] commit_W(len=131072) took 32.750708ms
step 205/360: recursive=0.070s, elapsed=14.665s, eta=11.1s
  [timer] commit_W(len=131072) took 33.112833ms
step 206/360: recursive=0.070s, elapsed=14.735s, eta=11.0s
  [timer] commit_W(len=131072) took 34.941917ms
step 207/360: recursive=0.072s, elapsed=14.807s, eta=10.9s
  [timer] commit_W(len=131072) took 34.145291ms
step 208/360: recursive=0.073s, elapsed=14.879s, eta=10.9s
  [timer] commit_W(len=131072) took 33.748625ms
step 209/360: recursive=0.071s, elapsed=14.951s, eta=10.8s
  [timer] commit_W(len=131072) took 32.618042ms
step 210/360: recursive=0.071s, elapsed=15.022s, eta=10.7s
  [timer] commit_W(len=131072) took 32.599709ms
step 211/360: recursive=0.071s, elapsed=15.093s, eta=10.7s
  [timer] commit_W(len=131072) took 35.277666ms
step 212/360: recursive=0.073s, elapsed=15.166s, eta=10.6s
  [timer] commit_W(len=131072) took 33.174209ms
step 213/360: recursive=0.070s, elapsed=15.236s, eta=10.5s
  [timer] commit_W(len=131072) took 33.046042ms
step 214/360: recursive=0.072s, elapsed=15.308s, eta=10.4s
  [timer] commit_W(len=131072) took 32.874625ms
step 215/360: recursive=0.071s, elapsed=15.379s, eta=10.4s
  [timer] commit_W(len=131072) took 35.416125ms
step 216/360: recursive=0.075s, elapsed=15.454s, eta=10.3s
  [timer] commit_W(len=131072) took 31.9225ms
step 217/360: recursive=0.070s, elapsed=15.524s, eta=10.2s
  [timer] commit_W(len=131072) took 33.014708ms
step 218/360: recursive=0.071s, elapsed=15.595s, eta=10.2s
  [timer] commit_W(len=131072) took 32.862875ms
step 219/360: recursive=0.071s, elapsed=15.666s, eta=10.1s
  [timer] commit_W(len=131072) took 32.675792ms
step 220/360: recursive=0.070s, elapsed=15.736s, eta=10.0s
  [timer] commit_W(len=131072) took 32.804917ms
step 221/360: recursive=0.070s, elapsed=15.806s, eta=9.9s
  [timer] commit_W(len=131072) took 32.445ms
step 222/360: recursive=0.072s, elapsed=15.879s, eta=9.9s
  [timer] commit_W(len=131072) took 34.109542ms
step 223/360: recursive=0.072s, elapsed=15.950s, eta=9.8s
  [timer] commit_W(len=131072) took 34.718875ms
step 224/360: recursive=0.073s, elapsed=16.023s, eta=9.7s
  [timer] commit_W(len=131072) took 40.869709ms
step 225/360: recursive=0.079s, elapsed=16.102s, eta=9.7s
  [timer] commit_W(len=131072) took 33.189125ms
step 226/360: recursive=0.074s, elapsed=16.176s, eta=9.6s
  [timer] commit_W(len=131072) took 37.756042ms
step 227/360: recursive=0.076s, elapsed=16.252s, eta=9.5s
  [timer] commit_W(len=131072) took 39.296792ms
step 228/360: recursive=0.079s, elapsed=16.331s, eta=9.5s
  [timer] commit_W(len=131072) took 32.7345ms
step 229/360: recursive=0.079s, elapsed=16.410s, eta=9.4s
  [timer] commit_W(len=131072) took 34.302ms
step 230/360: recursive=0.071s, elapsed=16.482s, eta=9.3s
  [timer] commit_W(len=131072) took 34.142042ms
step 231/360: recursive=0.072s, elapsed=16.553s, eta=9.2s
  [timer] commit_W(len=131072) took 34.538333ms
step 232/360: recursive=0.070s, elapsed=16.624s, eta=9.2s
  [timer] commit_W(len=131072) took 32.70725ms
step 233/360: recursive=0.071s, elapsed=16.694s, eta=9.1s
  [timer] commit_W(len=131072) took 32.819166ms
step 234/360: recursive=0.070s, elapsed=16.764s, eta=9.0s
  [timer] commit_W(len=131072) took 31.094ms
step 235/360: recursive=0.069s, elapsed=16.833s, eta=9.0s
  [timer] commit_W(len=131072) took 33.379791ms
step 236/360: recursive=0.070s, elapsed=16.903s, eta=8.9s
  [timer] commit_W(len=131072) took 31.624625ms
step 237/360: recursive=0.068s, elapsed=16.972s, eta=8.8s
  [timer] commit_W(len=131072) took 33.826041ms
step 238/360: recursive=0.071s, elapsed=17.043s, eta=8.7s
  [timer] commit_W(len=131072) took 32.991542ms
step 239/360: recursive=0.071s, elapsed=17.114s, eta=8.7s
  [timer] commit_W(len=131072) took 33.864958ms
step 240/360: recursive=0.072s, elapsed=17.186s, eta=8.6s
  [timer] commit_W(len=131072) took 32.301916ms
step 241/360: recursive=0.070s, elapsed=17.256s, eta=8.5s
  [timer] commit_W(len=131072) took 32.539375ms
step 242/360: recursive=0.072s, elapsed=17.328s, eta=8.4s
  [timer] commit_W(len=131072) took 33.239458ms
step 243/360: recursive=0.071s, elapsed=17.399s, eta=8.4s
  [timer] commit_W(len=131072) took 32.988834ms
step 244/360: recursive=0.071s, elapsed=17.469s, eta=8.3s
  [timer] commit_W(len=131072) took 33.461167ms
step 245/360: recursive=0.072s, elapsed=17.541s, eta=8.2s
  [timer] commit_W(len=131072) took 32.470042ms
step 246/360: recursive=0.070s, elapsed=17.611s, eta=8.2s
  [timer] commit_W(len=131072) took 33.783875ms
step 247/360: recursive=0.070s, elapsed=17.682s, eta=8.1s
  [timer] commit_W(len=131072) took 32.916625ms
step 248/360: recursive=0.072s, elapsed=17.753s, eta=8.0s
  [timer] commit_W(len=131072) took 33.611875ms
step 249/360: recursive=0.071s, elapsed=17.824s, eta=7.9s
  [timer] commit_W(len=131072) took 34.184125ms
step 250/360: recursive=0.072s, elapsed=17.897s, eta=7.9s
  [timer] commit_W(len=131072) took 33.218542ms
step 251/360: recursive=0.072s, elapsed=17.968s, eta=7.8s
  [timer] commit_W(len=131072) took 33.793792ms
step 252/360: recursive=0.071s, elapsed=18.040s, eta=7.7s
  [timer] commit_W(len=131072) took 32.398959ms
step 253/360: recursive=0.072s, elapsed=18.112s, eta=7.7s
  [timer] commit_W(len=131072) took 33.815041ms
step 254/360: recursive=0.073s, elapsed=18.185s, eta=7.6s
  [timer] commit_W(len=131072) took 32.397875ms
step 255/360: recursive=0.069s, elapsed=18.254s, eta=7.5s
  [timer] commit_W(len=131072) took 31.859667ms
step 256/360: recursive=0.071s, elapsed=18.325s, eta=7.4s
  [timer] commit_W(len=131072) took 33.59075ms
step 257/360: recursive=0.072s, elapsed=18.398s, eta=7.4s
  [timer] commit_W(len=131072) took 32.7785ms
step 258/360: recursive=0.071s, elapsed=18.468s, eta=7.3s
  [timer] commit_W(len=131072) took 33.535125ms
step 259/360: recursive=0.078s, elapsed=18.547s, eta=7.2s
  [timer] commit_W(len=131072) took 32.274542ms
step 260/360: recursive=0.070s, elapsed=18.617s, eta=7.2s
  [timer] commit_W(len=131072) took 32.9645ms
step 261/360: recursive=0.070s, elapsed=18.687s, eta=7.1s
  [timer] commit_W(len=131072) took 33.688583ms
step 262/360: recursive=0.072s, elapsed=18.759s, eta=7.0s
  [timer] commit_W(len=131072) took 34.44575ms
step 263/360: recursive=0.073s, elapsed=18.831s, eta=6.9s
  [timer] commit_W(len=131072) took 33.930042ms
step 264/360: recursive=0.071s, elapsed=18.902s, eta=6.9s
  [timer] commit_W(len=131072) took 32.514375ms
step 265/360: recursive=0.078s, elapsed=18.980s, eta=6.8s
  [timer] commit_W(len=131072) took 33.834833ms
step 266/360: recursive=0.071s, elapsed=19.052s, eta=6.7s
  [timer] commit_W(len=131072) took 32.6295ms
step 267/360: recursive=0.071s, elapsed=19.123s, eta=6.7s
  [timer] commit_W(len=131072) took 33.013709ms
step 268/360: recursive=0.071s, elapsed=19.193s, eta=6.6s
  [timer] commit_W(len=131072) took 34.408583ms
step 269/360: recursive=0.073s, elapsed=19.266s, eta=6.5s
  [timer] commit_W(len=131072) took 34.918458ms
step 270/360: recursive=0.071s, elapsed=19.338s, eta=6.4s
  [timer] commit_W(len=131072) took 32.390833ms
step 271/360: recursive=0.072s, elapsed=19.410s, eta=6.4s
  [timer] commit_W(len=131072) took 33.63175ms
step 272/360: recursive=0.072s, elapsed=19.482s, eta=6.3s
  [timer] commit_W(len=131072) took 34.225916ms
step 273/360: recursive=0.071s, elapsed=19.553s, eta=6.2s
  [timer] commit_W(len=131072) took 33.25225ms
step 274/360: recursive=0.072s, elapsed=19.625s, eta=6.2s
  [timer] commit_W(len=131072) took 33.83075ms
step 275/360: recursive=0.072s, elapsed=19.696s, eta=6.1s
  [timer] commit_W(len=131072) took 33.492917ms
step 276/360: recursive=0.071s, elapsed=19.767s, eta=6.0s
  [timer] commit_W(len=131072) took 32.687791ms
step 277/360: recursive=0.070s, elapsed=19.837s, eta=5.9s
  [timer] commit_W(len=131072) took 36.182625ms
step 278/360: recursive=0.075s, elapsed=19.913s, eta=5.9s
  [timer] commit_W(len=131072) took 34.850791ms
step 279/360: recursive=0.072s, elapsed=19.985s, eta=5.8s
  [timer] commit_W(len=131072) took 34.652709ms
step 280/360: recursive=0.071s, elapsed=20.055s, eta=5.7s
  [timer] commit_W(len=131072) took 35.427292ms
step 281/360: recursive=0.074s, elapsed=20.129s, eta=5.7s
  [timer] commit_W(len=131072) took 32.987833ms
step 282/360: recursive=0.079s, elapsed=20.208s, eta=5.6s
  [timer] commit_W(len=131072) took 32.03575ms
step 283/360: recursive=0.070s, elapsed=20.278s, eta=5.5s
  [timer] commit_W(len=131072) took 34.162834ms
step 284/360: recursive=0.071s, elapsed=20.349s, eta=5.4s
  [timer] commit_W(len=131072) took 33.419833ms
step 285/360: recursive=0.071s, elapsed=20.420s, eta=5.4s
  [timer] commit_W(len=131072) took 32.574584ms
step 286/360: recursive=0.070s, elapsed=20.490s, eta=5.3s
  [timer] commit_W(len=131072) took 32.094583ms
step 287/360: recursive=0.071s, elapsed=20.561s, eta=5.2s
  [timer] commit_W(len=131072) took 42.303167ms
step 288/360: recursive=0.098s, elapsed=20.659s, eta=5.2s
  [timer] commit_W(len=131072) took 34.038542ms
step 289/360: recursive=0.072s, elapsed=20.731s, eta=5.1s
  [timer] commit_W(len=131072) took 33.9335ms
step 290/360: recursive=0.073s, elapsed=20.804s, eta=5.0s
  [timer] commit_W(len=131072) took 32.844708ms
step 291/360: recursive=0.071s, elapsed=20.875s, eta=4.9s
  [timer] commit_W(len=131072) took 33.692375ms
step 292/360: recursive=0.071s, elapsed=20.946s, eta=4.9s
  [timer] commit_W(len=131072) took 36.836542ms
step 293/360: recursive=0.074s, elapsed=21.019s, eta=4.8s
  [timer] commit_W(len=131072) took 33.046583ms
step 294/360: recursive=0.071s, elapsed=21.090s, eta=4.7s
  [timer] commit_W(len=131072) took 31.843083ms
step 295/360: recursive=0.070s, elapsed=21.160s, eta=4.7s
  [timer] commit_W(len=131072) took 32.27025ms
step 296/360: recursive=0.071s, elapsed=21.231s, eta=4.6s
  [timer] commit_W(len=131072) took 36.194209ms
step 297/360: recursive=0.075s, elapsed=21.307s, eta=4.5s
  [timer] commit_W(len=131072) took 37.268084ms
step 298/360: recursive=0.079s, elapsed=21.386s, eta=4.4s
  [timer] commit_W(len=131072) took 34.274834ms
step 299/360: recursive=0.072s, elapsed=21.458s, eta=4.4s
  [timer] commit_W(len=131072) took 33.239458ms
step 300/360: recursive=0.105s, elapsed=21.563s, eta=4.3s
  [timer] commit_W(len=131072) took 33.403083ms
step 301/360: recursive=0.072s, elapsed=21.635s, eta=4.2s
  [timer] commit_W(len=131072) took 38.062709ms
step 302/360: recursive=0.080s, elapsed=21.715s, eta=4.2s
  [timer] commit_W(len=131072) took 32.89875ms
step 303/360: recursive=0.075s, elapsed=21.790s, eta=4.1s
  [timer] commit_W(len=131072) took 32.896208ms
step 304/360: recursive=0.071s, elapsed=21.861s, eta=4.0s
  [timer] commit_W(len=131072) took 32.601417ms
step 305/360: recursive=0.070s, elapsed=21.931s, eta=4.0s
  [timer] commit_W(len=131072) took 32.526583ms
step 306/360: recursive=0.071s, elapsed=22.002s, eta=3.9s
  [timer] commit_W(len=131072) took 33.826083ms
step 307/360: recursive=0.071s, elapsed=22.073s, eta=3.8s
  [timer] commit_W(len=131072) took 33.185834ms
step 308/360: recursive=0.072s, elapsed=22.145s, eta=3.7s
  [timer] commit_W(len=131072) took 32.383708ms
step 309/360: recursive=0.072s, elapsed=22.216s, eta=3.7s
  [timer] commit_W(len=131072) took 34.909875ms
step 310/360: recursive=0.073s, elapsed=22.290s, eta=3.6s
  [timer] commit_W(len=131072) took 33.104041ms
step 311/360: recursive=0.072s, elapsed=22.362s, eta=3.5s
  [timer] commit_W(len=131072) took 33.502459ms
step 312/360: recursive=0.071s, elapsed=22.432s, eta=3.5s
  [timer] commit_W(len=131072) took 32.910542ms
step 313/360: recursive=0.071s, elapsed=22.503s, eta=3.4s
  [timer] commit_W(len=131072) took 33.153ms
step 314/360: recursive=0.071s, elapsed=22.574s, eta=3.3s
  [timer] commit_W(len=131072) took 32.977125ms
step 315/360: recursive=0.070s, elapsed=22.644s, eta=3.2s
  [timer] commit_W(len=131072) took 31.907875ms
step 316/360: recursive=0.071s, elapsed=22.715s, eta=3.2s
  [timer] commit_W(len=131072) took 37.533333ms
step 317/360: recursive=0.076s, elapsed=22.790s, eta=3.1s
  [timer] commit_W(len=131072) took 32.768458ms
step 318/360: recursive=0.072s, elapsed=22.862s, eta=3.0s
  [timer] commit_W(len=131072) took 32.984125ms
step 319/360: recursive=0.071s, elapsed=22.933s, eta=2.9s
  [timer] commit_W(len=131072) took 32.401375ms
step 320/360: recursive=0.070s, elapsed=23.003s, eta=2.9s
  [timer] commit_W(len=131072) took 33.175167ms
step 321/360: recursive=0.071s, elapsed=23.075s, eta=2.8s
  [timer] commit_W(len=131072) took 32.662375ms
step 322/360: recursive=0.071s, elapsed=23.146s, eta=2.7s
  [timer] commit_W(len=131072) took 32.063459ms
step 323/360: recursive=0.070s, elapsed=23.216s, eta=2.7s
  [timer] commit_W(len=131072) took 34.021667ms
step 324/360: recursive=0.072s, elapsed=23.288s, eta=2.6s
  [timer] commit_W(len=131072) took 33.576916ms
step 325/360: recursive=0.071s, elapsed=23.358s, eta=2.5s
  [timer] commit_W(len=131072) took 33.786417ms
step 326/360: recursive=0.072s, elapsed=23.431s, eta=2.4s
  [timer] commit_W(len=131072) took 33.78725ms
step 327/360: recursive=0.073s, elapsed=23.504s, eta=2.4s
  [timer] commit_W(len=131072) took 32.744708ms
step 328/360: recursive=0.069s, elapsed=23.573s, eta=2.3s
  [timer] commit_W(len=131072) took 32.299917ms
step 329/360: recursive=0.073s, elapsed=23.646s, eta=2.2s
  [timer] commit_W(len=131072) took 33.161833ms
step 330/360: recursive=0.070s, elapsed=23.717s, eta=2.2s
  [timer] commit_W(len=131072) took 33.181834ms
step 331/360: recursive=0.071s, elapsed=23.788s, eta=2.1s
  [timer] commit_W(len=131072) took 33.738083ms
step 332/360: recursive=0.072s, elapsed=23.860s, eta=2.0s
  [timer] commit_W(len=131072) took 33.418875ms
step 333/360: recursive=0.072s, elapsed=23.932s, eta=1.9s
  [timer] commit_W(len=131072) took 32.393375ms
step 334/360: recursive=0.071s, elapsed=24.003s, eta=1.9s
  [timer] commit_W(len=131072) took 33.656958ms
step 335/360: recursive=0.072s, elapsed=24.075s, eta=1.8s
  [timer] commit_W(len=131072) took 33.347875ms
step 336/360: recursive=0.071s, elapsed=24.146s, eta=1.7s
  [timer] commit_W(len=131072) took 34.623666ms
step 337/360: recursive=0.072s, elapsed=24.218s, eta=1.7s
  [timer] commit_W(len=131072) took 32.400833ms
step 338/360: recursive=0.071s, elapsed=24.288s, eta=1.6s
  [timer] commit_W(len=131072) took 35.046958ms
step 339/360: recursive=0.072s, elapsed=24.361s, eta=1.5s
  [timer] commit_W(len=131072) took 33.747417ms
step 340/360: recursive=0.071s, elapsed=24.432s, eta=1.4s
  [timer] commit_W(len=131072) took 32.5135ms
step 341/360: recursive=0.071s, elapsed=24.503s, eta=1.4s
  [timer] commit_W(len=131072) took 33.3095ms
step 342/360: recursive=0.070s, elapsed=24.574s, eta=1.3s
  [timer] commit_W(len=131072) took 33.377458ms
step 343/360: recursive=0.071s, elapsed=24.644s, eta=1.2s
  [timer] commit_W(len=131072) took 33.593458ms
step 344/360: recursive=0.073s, elapsed=24.717s, eta=1.1s
  [timer] commit_W(len=131072) took 32.219834ms
step 345/360: recursive=0.070s, elapsed=24.787s, eta=1.1s
  [timer] commit_W(len=131072) took 32.9965ms
step 346/360: recursive=0.070s, elapsed=24.857s, eta=1.0s
  [timer] commit_W(len=131072) took 35.364791ms
step 347/360: recursive=0.074s, elapsed=24.931s, eta=0.9s
  [timer] commit_W(len=131072) took 42.051125ms
step 348/360: recursive=0.083s, elapsed=25.014s, eta=0.9s
  [timer] commit_W(len=131072) took 33.912333ms
step 349/360: recursive=0.072s, elapsed=25.086s, eta=0.8s
  [timer] commit_W(len=131072) took 32.805083ms
step 350/360: recursive=0.071s, elapsed=25.156s, eta=0.7s
  [timer] commit_W(len=131072) took 34.020167ms
step 351/360: recursive=0.071s, elapsed=25.227s, eta=0.6s
  [timer] commit_W(len=131072) took 33.062958ms
step 352/360: recursive=0.071s, elapsed=25.298s, eta=0.6s
  [timer] commit_W(len=131072) took 32.509208ms
step 353/360: recursive=0.071s, elapsed=25.369s, eta=0.5s
  [timer] commit_W(len=131072) took 31.789084ms
step 354/360: recursive=0.069s, elapsed=25.438s, eta=0.4s
  [timer] commit_W(len=131072) took 33.802833ms
step 355/360: recursive=0.071s, elapsed=25.509s, eta=0.4s
  [timer] commit_W(len=131072) took 33.933084ms
step 356/360: recursive=0.070s, elapsed=25.579s, eta=0.3s
  [timer] commit_W(len=131072) took 34.514125ms
step 357/360: recursive=0.072s, elapsed=25.652s, eta=0.2s
  [timer] commit_W(len=131072) took 33.682459ms
step 358/360: recursive=0.071s, elapsed=25.723s, eta=0.1s
  [timer] commit_W(len=131072) took 32.910666ms
step 359/360: recursive=0.070s, elapsed=25.793s, eta=0.1s
  [timer] commit_W(len=131072) took 32.690875ms
step 360/360: recursive=0.072s, elapsed=25.865s, eta=0s
Verifying a RecursiveSNARK...
Generating a CompressedSNARK using Spartan with IPA-PC...
TOTAL_PROVER_TIME: 27.580561 sec
Verifying a CompressedSNARK...
CompressedSNARK::verify: true, took 0.265 sec
Proof size: 27518 bytes
PEAK_RSS_GIB: 0.619370 GiB.
